0 info it worked if it ends with ok
1 verbose cli [ '/usr/local/bin/node', '/usr/local/bin/npm', 'start' ]
2 info using npm@3.9.5
3 info using node@v6.2.2
4 verbose run-script [ 'prestart', 'start', 'poststart' ]
5 info lifecycle donorhome@0.0.1~prestart: donorhome@0.0.1
6 silly lifecycle donorhome@0.0.1~prestart: no script for prestart, continuing
7 info lifecycle donorhome@0.0.1~start: donorhome@0.0.1
8 verbose lifecycle donorhome@0.0.1~start: unsafe-perm in lifecycle true
9 verbose lifecycle donorhome@0.0.1~start: PATH: /usr/local/lib/node_modules/npm/bin/node-gyp-bin:/Users/AbhiReddyMusku/Desktop/BlooDonR1/donorhome/node_modules/.bin:/usr/local/bin:/Users/AbhiReddyMusku/.rvm/gems/ruby-2.3.0/bin:/Users/AbhiReddyMusku/.rvm/gems/ruby-2.3.0@global/bin:/Users/AbhiReddyMusku/.rvm/rubies/ruby-2.3.0/bin:/usr/local/mysql/bin:/System/Library/Frameworks/Ruby.framework/Versions/2.0/usr/bin:/usr/local/bin:/usr/bin:/bin:/usr/sbin:/sbin:/usr/local/mysql/bin:/usr/bin:/Users/AbhiReddyMusku/.rvm/bin
10 verbose lifecycle donorhome@0.0.1~start: CWD: /Users/AbhiReddyMusku/Desktop/BlooDonR1/donorhome
11 silly lifecycle donorhome@0.0.1~start: Args: [ '-c',
11 silly lifecycle   'node node_modules/react-native/local-cli/cli.js start' ]
12 silly lifecycle donorhome@0.0.1~start: Returned: code: 1  signal: null
13 info lifecycle donorhome@0.0.1~start: Failed to exec start script
14 verbose stack Error: donorhome@0.0.1 start: `node node_modules/react-native/local-cli/cli.js start`
14 verbose stack Exit status 1
14 verbose stack     at EventEmitter.<anonymous> (/usr/local/lib/node_modules/npm/lib/utils/lifecycle.js:245:16)
14 verbose stack     at emitTwo (events.js:106:13)
14 verbose stack     at EventEmitter.emit (events.js:191:7)
14 verbose stack     at ChildProcess.<anonymous> (/usr/local/lib/node_modules/npm/lib/utils/spawn.js:24:14)
14 verbose stack     at emitTwo (events.js:106:13)
14 verbose stack     at ChildProcess.emit (events.js:191:7)
14 verbose stack     at maybeClose (internal/child_process.js:852:16)
14 verbose stack     at Process.ChildProcess._handle.onexit (internal/child_process.js:215:5)
15 verbose pkgid donorhome@0.0.1
16 verbose cwd /Users/AbhiReddyMusku/Desktop/BlooDonR1/donorhome
17 error Darwin 15.6.0
18 error argv "/usr/local/bin/node" "/usr/local/bin/npm" "start"
19 error node v6.2.2
20 error npm  v3.9.5
21 error code ELIFECYCLE
22 error donorhome@0.0.1 start: `node node_modules/react-native/local-cli/cli.js start`
22 error Exit status 1
23 error Failed at the donorhome@0.0.1 start script 'node node_modules/react-native/local-cli/cli.js start'.
23 error Make sure you have the latest version of node.js and npm installed.
23 error If you do, this is most likely a problem with the donorhome package,
23 error not with npm itself.
23 error Tell the author that this fails on your system:
23 error     node node_modules/react-native/local-cli/cli.js start
23 error You can get information on how to open an issue for this project with:
23 error     npm bugs donorhome
23 error Or if that isn't available, you can get their info via:
23 error     npm owner ls donorhome
23 error There is likely additional logging output above.
24 verbose exit [ 1, true ]
